<?xml version="1.0" encoding="UTF-8"?>
<!-- Generated by org.testng.reporters.JUnitXMLReporter -->
<testsuite ignored="0" hostname="DESKTOP-3JH0LC3" failures="2" tests="3" name="Test1" time="24.913" errors="0" timestamp="20 Sep 2024 12:40:11 GMT">
  <testcase classname="com.comcast.crm.practice.screenshot.InvoiceTest" name="creatInvoiceWithConactTest" time="0.009"/>
  <testcase classname="com.comcast.crm.practice.screenshot.InvoiceTest" name="createInvoiceTest" time="0.22">
    <failure type="java.lang.AssertionError" message="expected [Login] but found [Administrator - Home - vtiger CRM 5 - Commercial Open Source CRM]">
      <![CDATA[java.lang.AssertionError: expected [Login] but found [Administrator - Home - vtiger CRM 5 - Commercial Open Source CRM]
at com.comcast.crm.practice.screenshot.InvoiceTest.createInvoiceTest(InvoiceTest.java:16)
at java.base/java.util.concurrent.FutureTask.run(FutureTask.java:264)
at java.base/java.util.concurrent.ThreadPoolExecutor.runWorker(ThreadPoolExecutor.java:1136)
at java.base/java.util.concurrent.ThreadPoolExecutor$Worker.run(ThreadPoolExecutor.java:635)
at java.base/java.lang.Thread.run(Thread.java:840)
... Removed 22 stack frames]]>
    </failure>
  </testcase> <!-- createInvoiceTest -->
  <testcase classname="com.comcast.crm.practice.screenshot.InvoiceTest" name="createInvoiceTest" time="3.074">
    <failure type="java.lang.NullPointerException" message="Cannot invoke &amp;quot;org.openqa.selenium.TakesScreenshot.getScreenshotAs(org.openqa.selenium.OutputType)&amp;quot; because &amp;quot;ts&amp;quot; is null">
      <![CDATA[java.lang.NullPointerException: Cannot invoke "org.openqa.selenium.TakesScreenshot.getScreenshotAs(org.openqa.selenium.OutputType)" because "ts" is null
at com.comcast.crm.generic.listenerUtility.ListenerImpClass.onTestFailure(ListenerImpClass.java:50)
at java.base/java.util.concurrent.FutureTask.run(FutureTask.java:264)
at java.base/java.util.concurrent.ThreadPoolExecutor.runWorker(ThreadPoolExecutor.java:1136)
at java.base/java.util.concurrent.ThreadPoolExecutor$Worker.run(ThreadPoolExecutor.java:635)
at java.base/java.lang.Thread.run(Thread.java:840)
... Removed 13 stack frames]]>
    </failure>
  </testcase> <!-- createInvoiceTest -->
</testsuite> <!-- Test1 -->
