<?xml version="1.0" encoding="UTF-8"?>
<!-- Generated by org.testng.reporters.JUnitXMLReporter -->
<testsuite ignored="0" hostname="DESKTOP-3JH0LC3" failures="1" tests="4" name="Test" time="79.166" errors="0" timestamp="24 Sep 2024 12:57:21 GMT">
  <testcase classname="com.comcast.crm.orgtest.CreateOrganizationTest2" name="creatOrgAndDeleteOrg" time="15.075"/>
  <testcase classname="com.comcast.crm.orgtest.CreateOrganizationTest2" name="creatOrganizationtest" time="10.099"/>
  <testcase classname="com.comcast.crm.orgtest.CreateOrganizationTest2" name="createOrganizationWithIndustriestest" time="10.268">
    <failure type="java.lang.AssertionError" message="null">
      <![CDATA[java.lang.AssertionError: null
at com.comcast.crm.objectrepositoryutility.organization.Organization_infopage.Verify_createOrganizationWithIndustriestest(Organization_infopage.java:65)
at com.comcast.crm.orgtest.CreateOrganizationTest2.createOrganizationWithIndustriestest(CreateOrganizationTest2.java:67)
... Removed 27 stack frames]]>
    </failure>
  </testcase> <!-- createOrganizationWithIndustriestest -->
  <testcase classname="com.comcast.crm.orgtest.CreateOrganizationTest2" name="createOrganizationWithPhoneNumber" time="10.605"/>
</testsuite> <!-- Test -->
