<?xml version="1.0" encoding="UTF-8"?>
<!-- Generated by org.testng.reporters.JUnitXMLReporter -->
<testsuite ignored="0" hostname="DESKTOP-3JH0LC3" failures="0" tests="3" name="Test3" time="56.483" errors="0" timestamp="19 Sep 2024 05:46:33 GMT">
  <testcase classname="com.comcast.crm.practice.Mno" name="sample1Mno" time="0.005"/>
  <testcase classname="com.comcast.crm.practice.Mno" name="sample2Mno" time="0.001"/>
  <testcase classname="com.comcast.crm.practice.Mno" name="sample3Mno" time="0.003"/>
</testsuite> <!-- Test3 -->
