<?xml version="1.0" encoding="UTF-8"?>
<testng-results ignored="0" total="1" passed="1" failed="0" skipped="0">
  <reporter-output>
  </reporter-output>
  <suite started-at="2024-09-27T12:07:18Z" name="Default suite" finished-at="2024-09-27T12:07:30Z" duration-ms="11927">
    <groups>
    </groups>
    <test started-at="2024-09-27T12:07:18Z" name="Default test" finished-at="2024-09-27T12:07:30Z" duration-ms="11927">
      <class name="com.comcast.crm.practice.SampleParallel">
        <test-method signature="sample()[pri:0, instance:com.comcast.crm.practice.SampleParallel@5be46f9d]" started-at="2024-09-27T12:07:18Z" name="sample" finished-at="2024-09-27T12:07:30Z" duration-ms="11888" status="PASS">
          <reporter-output>
          </reporter-output>
        </test-method> <!-- sample -->
      </class> <!-- com.comcast.crm.practice.SampleParallel -->
    </test> <!-- Default test -->
  </suite> <!-- Default suite -->
</testng-results>
